<?xml version="1.0" encoding="UTF-8"?>
<!-- Generated by org.testng.reporters.JUnitReportReporter -->
<testsuite hostname="CClappy" failures="0" tests="1" name="test.LoginTest" time="1.046" errors="0" timestamp="2025-06-01T14:53:21 IST" skipped="0">
  <testcase classname="test.LoginTest" name="testValidLogin" time="1.046"/>
</testsuite> <!-- test.LoginTest -->
